Generated at 2015-05-31 19:43:06 +0100
Mixlib::ShellOut::ShellCommandFailed: apt_package[nginx] (aws::default line 11) had an error: Mixlib::ShellOut::ShellCommandFailed: Expected process to exit with [0], but received '100'
---- Begin output of apt-get -q -y install nginx=1.4.6-1ubuntu3.2 ----
STDOUT: 
STDERR: E: Could not open lock file /var/lib/dpkg/lock - open (13: Permission denied)
E: Unable to lock the administration directory (/var/lib/dpkg/), are you root?
---- End output of apt-get -q -y install nginx=1.4.6-1ubuntu3.2 ----
Ran apt-get -q -y install nginx=1.4.6-1ubuntu3.2 returned 100
/opt/chefdk/embedded/lib/ruby/gems/2.1.0/gems/mixlib-shellout-2.0.1/lib/mixlib/shellout.rb:278:in `invalid!'
/opt/chefdk/embedded/lib/ruby/gems/2.1.0/gems/mixlib-shellout-2.0.1/lib/mixlib/shellout.rb:265:in `error!'
/opt/chefdk/embedded/apps/chef/lib/chef/mixin/shell_out.rb:56:in `shell_out!'
/opt/chefdk/embedded/apps/chef/lib/chef/provider/package/apt.rb:178:in `run_noninteractive'
/opt/chefdk/embedded/apps/chef/lib/chef/provider/package/apt.rb:144:in `install_package'
/opt/chefdk/embedded/apps/chef/lib/chef/provider/package.rb:87:in `block in action_install'
/opt/chefdk/embedded/apps/chef/lib/chef/mixin/why_run.rb:52:in `call'
/opt/chefdk/embedded/apps/chef/lib/chef/mixin/why_run.rb:52:in `add_action'
/opt/chefdk/embedded/apps/chef/lib/chef/provider.rb:165:in `converge_by'
/opt/chefdk/embedded/apps/chef/lib/chef/provider/package.rb:86:in `action_install'
/opt/chefdk/embedded/apps/chef/lib/chef/provider.rb:130:in `run_action'
/opt/chefdk/embedded/apps/chef/lib/chef/resource.rb:562:in `run_action'
/opt/chefdk/embedded/apps/chef/lib/chef/runner.rb:49:in `run_action'
/opt/chefdk/embedded/apps/chef/lib/chef/runner.rb:81:in `block (2 levels) in converge'
/opt/chefdk/embedded/apps/chef/lib/chef/runner.rb:81:in `each'
/opt/chefdk/embedded/apps/chef/lib/chef/runner.rb:81:in `block in converge'
/opt/chefdk/embedded/apps/chef/lib/chef/resource_collection/resource_list.rb:83:in `block in execute_each_resource'
/opt/chefdk/embedded/apps/chef/lib/chef/resource_collection/stepable_iterator.rb:116:in `call'
/opt/chefdk/embedded/apps/chef/lib/chef/resource_collection/stepable_iterator.rb:116:in `call_iterator_block'
/opt/chefdk/embedded/apps/chef/lib/chef/resource_collection/stepable_iterator.rb:85:in `step'
/opt/chefdk/embedded/apps/chef/lib/chef/resource_collection/stepable_iterator.rb:104:in `iterate'
/opt/chefdk/embedded/apps/chef/lib/chef/resource_collection/stepable_iterator.rb:55:in `each_with_index'
/opt/chefdk/embedded/apps/chef/lib/chef/resource_collection/resource_list.rb:81:in `execute_each_resource'
/opt/chefdk/embedded/apps/chef/lib/chef/runner.rb:80:in `converge'
/opt/chefdk/embedded/apps/chef/lib/chef/client.rb:339:in `block in converge'
/opt/chefdk/embedded/apps/chef/lib/chef/client.rb:334:in `catch'
/opt/chefdk/embedded/apps/chef/lib/chef/client.rb:334:in `converge'
/opt/chefdk/embedded/apps/chef/lib/chef/client.rb:353:in `converge_and_save'
/opt/chefdk/embedded/apps/chef/lib/chef/client.rb:457:in `run'
/opt/chefdk/embedded/apps/chef/lib/chef/application.rb:271:in `block in fork_chef_client'
/opt/chefdk/embedded/apps/chef/lib/chef/application.rb:259:in `fork'
/opt/chefdk/embedded/apps/chef/lib/chef/application.rb:259:in `fork_chef_client'
/opt/chefdk/embedded/apps/chef/lib/chef/application.rb:225:in `block in run_chef_client'
/opt/chefdk/embedded/apps/chef/lib/chef/local_mode.rb:39:in `with_server_connectivity'
/opt/chefdk/embedded/apps/chef/lib/chef/application.rb:213:in `run_chef_client'
/opt/chefdk/embedded/apps/chef/lib/chef/application/solo.rb:280:in `block in interval_run_chef_client'
/opt/chefdk/embedded/apps/chef/lib/chef/application/solo.rb:269:in `loop'
/opt/chefdk/embedded/apps/chef/lib/chef/application/solo.rb:269:in `interval_run_chef_client'
/opt/chefdk/embedded/apps/chef/lib/chef/application/solo.rb:247:in `run_application'
/opt/chefdk/embedded/apps/chef/lib/chef/application.rb:60:in `run'
/opt/chefdk/embedded/apps/chef/bin/chef-solo:25:in `<top (required)>'
/usr/bin/chef-solo:51:in `load'
/usr/bin/chef-solo:51:in `<main>'